<?xml version="1.0" encoding="UTF-8"?>
<!-- Generated by org.testng.reporters.JUnitReportReporter -->
<testsuite hostname="DESKTOP-6UKA0IR" failures="0" tests="1" name="org.web.automation.testcases.TC001_Registration_Button" time="3.496" errors="0" timestamp="2023-02-09T07:51:29 IST" skipped="0">
  <testcase classname="org.web.automation.testcases.TC001_Registration_Button" name="TC001" time="3.496"/>
  <system-out/>
</testsuite> <!-- org.web.automation.testcases.TC001_Registration_Button -->
