<?xml version="1.0" encoding="UTF-8"?>
<!-- Generated by org.testng.reporters.JUnitReportReporter -->
<testsuite hostname="DESKTOP-6UKA0IR" failures="0" tests="1" name="org.web.automation.testcases.TC001_Registration_TextBox" time="2.955" errors="0" timestamp="2023-02-10T08:34:08 IST" skipped="0">
  <testcase classname="org.web.automation.testcases.TC001_Registration_TextBox" name="TC001" time="2.955"/>
  <system-out/>
</testsuite> <!-- org.web.automation.testcases.TC001_Registration_TextBox -->
