<?xml version="1.0" encoding="UTF-8"?>
<!-- Generated by org.testng.reporters.JUnitReportReporter -->
<testsuite hostname="DESKTOP-6UKA0IR" failures="0" tests="1" name="org.web.automation.testcases.TC001_Registration_Radio_SelectTag" time="10.066" errors="0" timestamp="2023-02-12T08:46:54 IST" skipped="0">
  <testcase classname="org.web.automation.testcases.TC001_Registration_Radio_SelectTag" name="TC001" time="10.066"/>
  <system-out/>
</testsuite> <!-- org.web.automation.testcases.TC001_Registration_Radio_SelectTag -->
