<?xml version="1.0" encoding="UTF-8"?>
<!-- Generated by org.testng.reporters.JUnitReportReporter -->
<testsuite hostname="DESKTOP-6UKA0IR" failures="0" tests="1" name="org.web.automation.testcases.TC001_Registration_FetchData" time="2.100" errors="0" timestamp="2023-02-09T10:25:38 IST" skipped="0">
  <testcase classname="org.web.automation.testcases.TC001_Registration_FetchData" name="TC001" time="2.100"/>
  <system-out/>
</testsuite> <!-- org.web.automation.testcases.TC001_Registration_FetchData -->
